SF:lib/src/localregex_exception.dart
DA:18,1
DA:25,0
DA:27,0
LF:3
LH:1
end_of_record
SF:lib/src/localregex.dart
DA:20,3
DA:25,3
DA:26,3
DA:27,3
DA:30,3
DA:35,2
DA:36,1
DA:37,3
DA:38,3
DA:39,3
DA:42,3
DA:47,0
DA:50,3
DA:55,3
DA:56,3
DA:57,3
DA:58,3
DA:59,3
DA:60,3
DA:61,3
DA:66,3
DA:67,3
DA:68,3
DA:69,3
DA:72,3
DA:75,3
DA:82,3
DA:87,3
DA:92,3
DA:97,3
DA:102,1
DA:103,3
DA:109,3
DA:114,3
DA:119,3
DA:124,3
DA:129,3
DA:134,3
DA:139,3
DA:144,3
DA:149,1
DA:150,1
DA:151,1
DA:152,1
DA:153,1
DA:154,1
DA:155,1
DA:156,1
DA:161,3
DA:166,1
DA:167,2
DA:172,1
DA:173,2
DA:178,1
DA:179,2
DA:184,3
DA:190,0
DA:191,0
DA:196,3
DA:201,3
DA:206,3
DA:211,1
DA:214,1
DA:215,1
DA:216,5
LF:65
LH:62
end_of_record
SF:lib/src/extensions.dart
DA:17,3
DA:22,4
DA:42,1
DA:47,1
DA:49,1
DA:50,1
DA:51,1
DA:53,1
DA:54,1
DA:56,1
DA:57,1
DA:59,1
DA:60,1
DA:67,1
DA:82,3
DA:93,1
DA:95,1
DA:96,3
DA:97,1
DA:98,1
DA:99,5
DA:100,2
DA:102,2
DA:103,2
DA:104,1
DA:107,1
DA:108,1
DA:110,1
DA:111,2
DA:115,0
DA:118,1
DA:123,3
DA:124,1
DA:125,1
DA:126,1
DA:127,1
DA:130,4
LF:37
LH:36
end_of_record
SF:lib/src/utils.dart
DA:13,1
DA:14,1
DA:16,1
DA:17,2
DA:18,5
DA:24,0
DA:33,1
DA:34,2
DA:35,0
DA:37,3
DA:38,2
DA:45,1
DA:46,2
DA:47,0
DA:50,3
DA:51,2
DA:58,1
DA:59,2
DA:60,0
DA:63,3
DA:64,2
LF:21
LH:17
end_of_record
